<?xml version="1.0" encoding="UTF-8"?>
<!-- Generated by org.testng.reporters.JUnitReportReporter -->
<testsuite skipped="0" hostname="HIMEN" name="com.alg.test.executionengine.Executor" tests="11" failures="1" timestamp="04 Apr 2018 21:00:35 GMT" time="20.352" errors="0">
  <testcase name="testCase" time="0.002" classname="com.alg.test.executionengine.Executor"/>
  <testcase name="testCase" time="0.001" classname="com.alg.test.executionengine.Executor"/>
  <testcase name="testCase" time="0.010" classname="com.alg.test.executionengine.Executor"/>
  <testcase name="testCase" time="0.002" classname="com.alg.test.executionengine.Executor"/>
  <testcase name="testCase" time="20.332" classname="com.alg.test.executionengine.Executor">
    <failure type="java.lang.AssertionError">
      <![CDATA[java.lang.AssertionError
	at com.alg.test.executionengine.Executor.testCase(Executor.java:174)
	at sun.reflect.NativeMethodAccessorImpl.invoke0(Native Method)
	at sun.reflect.NativeMethodAccessorImpl.invoke(NativeMethodAccessorImpl.java:62)
	at sun.reflect.DelegatingMethodAccessorImpl.invoke(DelegatingMethodAccessorImpl.java:43)
	at java.lang.reflect.Method.invoke(Method.java:498)
	at org.testng.internal.MethodInvocationHelper.invokeMethod(MethodInvocationHelper.java:108)
	at org.testng.internal.Invoker.invokeMethod(Invoker.java:661)
	at org.testng.internal.Invoker.invokeTestMethod(Invoker.java:869)
	at org.testng.internal.TestMethodWithDataProviderMethodWorker.call(TestMethodWithDataProviderMethodWorker.java:75)
	at org.testng.internal.TestMethodWithDataProviderMethodWorker.call(TestMethodWithDataProviderMethodWorker.java:14)
	at java.util.concurrent.FutureTask.run(FutureTask.java:266)
	at java.util.concurrent.Executors$RunnableAdapter.call(Executors.java:511)
	at java.util.concurrent.FutureTask.run(FutureTask.java:266)
	at java.util.concurrent.ThreadPoolExecutor.runWorker(ThreadPoolExecutor.java:1149)
	at java.util.concurrent.ThreadPoolExecutor$Worker.run(ThreadPoolExecutor.java:624)
	at java.lang.Thread.run(Thread.java:748)
]]>
    </failure>
  </testcase> <!-- testCase -->
  <testcase name="testCase" time="0.001" classname="com.alg.test.executionengine.Executor"/>
  <testcase name="testCase" time="0.000" classname="com.alg.test.executionengine.Executor"/>
  <testcase name="testCase" time="0.001" classname="com.alg.test.executionengine.Executor"/>
  <testcase name="testCase" time="0.001" classname="com.alg.test.executionengine.Executor"/>
  <testcase name="testCase" time="0.001" classname="com.alg.test.executionengine.Executor"/>
  <testcase name="testCase" time="0.001" classname="com.alg.test.executionengine.Executor"/>
</testsuite> <!-- com.alg.test.executionengine.Executor -->
